<?xml version="1.0" encoding="UTF-8"?>
<testsuite xmlns:xsi="http://www.w3.org/2001/XMLSchema-instance" xsi:noNamespaceSchemaLocation="https://maven.apache.org/surefire/maven-surefire-plugin/xsd/surefire-test-report.xsd" name="com.junmooo.springbootdemo.SpringbootdemoApplicationTests" time="7.61" tests="1" errors="0" skipped="0" failures="0">
  <properties>
    <property name="gopherProxySet" value="false"/>
    <property name="awt.toolkit" value="sun.lwawt.macosx.LWCToolkit"/>
    <property name="file.encoding.pkg" value="sun.io"/>
    <property name="java.specification.version" value="1.8"/>
    <property name="sun.cpu.isalist" value=""/>
    <property name="sun.jnu.encoding" value="UTF-8"/>
    <property name="java.class.path" value="/Users/qingbguo/projects/springboot/target/test-classes:/Users/qingbguo/projects/springboot/target/classes:/Users/qingbguo/.m2/repository/org/springframework/boot/spring-boot-starter-web/2.6.8/spring-boot-starter-web-2.6.8.jar:/Users/qingbguo/.m2/repository/org/springframework/boot/spring-boot-starter/2.6.8/spring-boot-starter-2.6.8.jar:/Users/qingbguo/.m2/repository/org/springframework/boot/spring-boot-starter-logging/2.6.8/spring-boot-starter-logging-2.6.8.jar:/Users/qingbguo/.m2/repository/ch/qos/logback/logback-classic/1.2.11/logback-classic-1.2.11.jar:/Users/qingbguo/.m2/repository/ch/qos/logback/logback-core/1.2.11/logback-core-1.2.11.jar:/Users/qingbguo/.m2/repository/org/apache/logging/log4j/log4j-to-slf4j/2.17.2/log4j-to-slf4j-2.17.2.jar:/Users/qingbguo/.m2/repository/org/apache/logging/log4j/log4j-api/2.17.2/log4j-api-2.17.2.jar:/Users/qingbguo/.m2/repository/org/slf4j/jul-to-slf4j/1.7.36/jul-to-slf4j-1.7.36.jar:/Users/qingbguo/.m2/repository/jakarta/annotation/jakarta.annotation-api/1.3.5/jakarta.annotation-api-1.3.5.jar:/Users/qingbguo/.m2/repository/org/yaml/snakeyaml/1.29/snakeyaml-1.29.jar:/Users/qingbguo/.m2/repository/org/springframework/boot/spring-boot-starter-json/2.6.8/spring-boot-starter-json-2.6.8.jar:/Users/qingbguo/.m2/repository/com/fasterxml/jackson/datatype/jackson-datatype-jdk8/2.13.3/jackson-datatype-jdk8-2.13.3.jar:/Users/qingbguo/.m2/repository/com/fasterxml/jackson/datatype/jackson-datatype-jsr310/2.13.3/jackson-datatype-jsr310-2.13.3.jar:/Users/qingbguo/.m2/repository/com/fasterxml/jackson/module/jackson-module-parameter-names/2.13.3/jackson-module-parameter-names-2.13.3.jar:/Users/qingbguo/.m2/repository/org/springframework/boot/spring-boot-starter-tomcat/2.6.8/spring-boot-starter-tomcat-2.6.8.jar:/Users/qingbguo/.m2/repository/org/apache/tomcat/embed/tomcat-embed-core/9.0.63/tomcat-embed-core-9.0.63.jar:/Users/qingbguo/.m2/repository/org/apache/tomcat/embed/tomcat-embed-el/9.0.63/tomcat-embed-el-9.0.63.jar:/Users/qingbguo/.m2/repository/org/apache/tomcat/embed/tomcat-embed-websocket/9.0.63/tomcat-embed-websocket-9.0.63.jar:/Users/qingbguo/.m2/repository/org/springframework/spring-web/5.3.20/spring-web-5.3.20.jar:/Users/qingbguo/.m2/repository/org/springframework/spring-beans/5.3.20/spring-beans-5.3.20.jar:/Users/qingbguo/.m2/repository/org/springframework/spring-webmvc/5.3.20/spring-webmvc-5.3.20.jar:/Users/qingbguo/.m2/repository/org/springframework/spring-aop/5.3.20/spring-aop-5.3.20.jar:/Users/qingbguo/.m2/repository/org/springframework/spring-context/5.3.20/spring-context-5.3.20.jar:/Users/qingbguo/.m2/repository/org/springframework/spring-expression/5.3.20/spring-expression-5.3.20.jar:/Users/qingbguo/.m2/repository/org/mybatis/spring/boot/mybatis-spring-boot-starter/2.2.2/mybatis-spring-boot-starter-2.2.2.jar:/Users/qingbguo/.m2/repository/org/springframework/boot/spring-boot-starter-jdbc/2.6.8/spring-boot-starter-jdbc-2.6.8.jar:/Users/qingbguo/.m2/repository/com/zaxxer/HikariCP/4.0.3/HikariCP-4.0.3.jar:/Users/qingbguo/.m2/repository/org/springframework/spring-jdbc/5.3.20/spring-jdbc-5.3.20.jar:/Users/qingbguo/.m2/repository/org/mybatis/spring/boot/mybatis-spring-boot-autoconfigure/2.2.2/mybatis-spring-boot-autoconfigure-2.2.2.jar:/Users/qingbguo/.m2/repository/org/mybatis/mybatis/3.5.9/mybatis-3.5.9.jar:/Users/qingbguo/.m2/repository/org/mybatis/mybatis-spring/2.0.7/mybatis-spring-2.0.7.jar:/Users/qingbguo/.m2/repository/org/springframework/boot/spring-boot-devtools/2.6.8/spring-boot-devtools-2.6.8.jar:/Users/qingbguo/.m2/repository/org/springframework/boot/spring-boot/2.6.8/spring-boot-2.6.8.jar:/Users/qingbguo/.m2/repository/org/springframework/boot/spring-boot-autoconfigure/2.6.8/spring-boot-autoconfigure-2.6.8.jar:/Users/qingbguo/.m2/repository/org/projectlombok/lombok/1.18.24/lombok-1.18.24.jar:/Users/qingbguo/.m2/repository/org/springframework/boot/spring-boot-starter-test/2.6.8/spring-boot-starter-test-2.6.8.jar:/Users/qingbguo/.m2/repository/org/springframework/boot/spring-boot-test/2.6.8/spring-boot-test-2.6.8.jar:/Users/qingbguo/.m2/repository/org/springframework/boot/spring-boot-test-autoconfigure/2.6.8/spring-boot-test-autoconfigure-2.6.8.jar:/Users/qingbguo/.m2/repository/com/jayway/jsonpath/json-path/2.6.0/json-path-2.6.0.jar:/Users/qingbguo/.m2/repository/net/minidev/json-smart/2.4.8/json-smart-2.4.8.jar:/Users/qingbguo/.m2/repository/net/minidev/accessors-smart/2.4.8/accessors-smart-2.4.8.jar:/Users/qingbguo/.m2/repository/org/ow2/asm/asm/9.1/asm-9.1.jar:/Users/qingbguo/.m2/repository/jakarta/xml/bind/jakarta.xml.bind-api/2.3.3/jakarta.xml.bind-api-2.3.3.jar:/Users/qingbguo/.m2/repository/jakarta/activation/jakarta.activation-api/1.2.2/jakarta.activation-api-1.2.2.jar:/Users/qingbguo/.m2/repository/org/assertj/assertj-core/3.21.0/assertj-core-3.21.0.jar:/Users/qingbguo/.m2/repository/org/hamcrest/hamcrest/2.2/hamcrest-2.2.jar:/Users/qingbguo/.m2/repository/org/junit/jupiter/junit-jupiter/5.8.2/junit-jupiter-5.8.2.jar:/Users/qingbguo/.m2/repository/org/junit/jupiter/junit-jupiter-api/5.8.2/junit-jupiter-api-5.8.2.jar:/Users/qingbguo/.m2/repository/org/opentest4j/opentest4j/1.2.0/opentest4j-1.2.0.jar:/Users/qingbguo/.m2/repository/org/junit/platform/junit-platform-commons/1.8.2/junit-platform-commons-1.8.2.jar:/Users/qingbguo/.m2/repository/org/apiguardian/apiguardian-api/1.1.2/apiguardian-api-1.1.2.jar:/Users/qingbguo/.m2/repository/org/junit/jupiter/junit-jupiter-params/5.8.2/junit-jupiter-params-5.8.2.jar:/Users/qingbguo/.m2/repository/org/junit/jupiter/junit-jupiter-engine/5.8.2/junit-jupiter-engine-5.8.2.jar:/Users/qingbguo/.m2/repository/org/junit/platform/junit-platform-engine/1.8.2/junit-platform-engine-1.8.2.jar:/Users/qingbguo/.m2/repository/org/mockito/mockito-core/4.0.0/mockito-core-4.0.0.jar:/Users/qingbguo/.m2/repository/net/bytebuddy/byte-buddy/1.11.22/byte-buddy-1.11.22.jar:/Users/qingbguo/.m2/repository/net/bytebuddy/byte-buddy-agent/1.11.22/byte-buddy-agent-1.11.22.jar:/Users/qingbguo/.m2/repository/org/objenesis/objenesis/3.2/objenesis-3.2.jar:/Users/qingbguo/.m2/repository/org/mockito/mockito-junit-jupiter/4.0.0/mockito-junit-jupiter-4.0.0.jar:/Users/qingbguo/.m2/repository/org/skyscreamer/jsonassert/1.5.0/jsonassert-1.5.0.jar:/Users/qingbguo/.m2/repository/com/vaadin/external/google/android-json/0.0.20131108.vaadin1/android-json-0.0.20131108.vaadin1.jar:/Users/qingbguo/.m2/repository/org/springframework/spring-core/5.3.20/spring-core-5.3.20.jar:/Users/qingbguo/.m2/repository/org/springframework/spring-jcl/5.3.20/spring-jcl-5.3.20.jar:/Users/qingbguo/.m2/repository/org/springframework/spring-test/5.3.20/spring-test-5.3.20.jar:/Users/qingbguo/.m2/repository/org/xmlunit/xmlunit-core/2.8.4/xmlunit-core-2.8.4.jar:/Users/qingbguo/.m2/repository/com/alibaba/fastjson/2.0.5/fastjson-2.0.5.jar:/Users/qingbguo/.m2/repository/com/alibaba/fastjson2/fastjson2-extension/2.0.5/fastjson2-extension-2.0.5.jar:/Users/qingbguo/.m2/repository/com/alibaba/fastjson2/fastjson2/2.0.5/fastjson2-2.0.5.jar:/Users/qingbguo/.m2/repository/org/apache/commons/commons-lang3/3.12.0/commons-lang3-3.12.0.jar:/Users/qingbguo/.m2/repository/commons-io/commons-io/2.11.0/commons-io-2.11.0.jar:/Users/qingbguo/.m2/repository/com/baomidou/mybatis-plus-boot-starter/3.3.1/mybatis-plus-boot-starter-3.3.1.jar:/Users/qingbguo/.m2/repository/com/baomidou/mybatis-plus/3.3.1/mybatis-plus-3.3.1.jar:/Users/qingbguo/.m2/repository/com/baomidou/mybatis-plus-generator/3.3.1.tmp/mybatis-plus-generator-3.3.1.tmp.jar:/Users/qingbguo/.m2/repository/com/baomidou/mybatis-plus-extension/3.3.1.tmp/mybatis-plus-extension-3.3.1.tmp.jar:/Users/qingbguo/.m2/repository/com/baomidou/mybatis-plus-core/3.3.1.tmp/mybatis-plus-core-3.3.1.tmp.jar:/Users/qingbguo/.m2/repository/com/baomidou/mybatis-plus-annotation/3.3.1.tmp/mybatis-plus-annotation-3.3.1.tmp.jar:/Users/qingbguo/.m2/repository/com/github/jsqlparser/jsqlparser/3.1/jsqlparser-3.1.jar:/Users/qingbguo/.m2/repository/mysql/mysql-connector-java/8.0.29/mysql-connector-java-8.0.29.jar:/Users/qingbguo/.m2/repository/com/alibaba/druid-spring-boot-starter/1.1.16/druid-spring-boot-starter-1.1.16.jar:/Users/qingbguo/.m2/repository/com/alibaba/druid/1.1.16/druid-1.1.16.jar:/Users/qingbguo/.m2/repository/org/slf4j/slf4j-api/1.7.36/slf4j-api-1.7.36.jar:/Users/qingbguo/.m2/repository/org/springframework/boot/spring-boot-starter-data-redis/2.6.8/spring-boot-starter-data-redis-2.6.8.jar:/Users/qingbguo/.m2/repository/org/springframework/data/spring-data-redis/2.6.4/spring-data-redis-2.6.4.jar:/Users/qingbguo/.m2/repository/org/springframework/data/spring-data-keyvalue/2.6.4/spring-data-keyvalue-2.6.4.jar:/Users/qingbguo/.m2/repository/org/springframework/data/spring-data-commons/2.6.4/spring-data-commons-2.6.4.jar:/Users/qingbguo/.m2/repository/org/springframework/spring-tx/5.3.20/spring-tx-5.3.20.jar:/Users/qingbguo/.m2/repository/org/springframework/spring-oxm/5.3.20/spring-oxm-5.3.20.jar:/Users/qingbguo/.m2/repository/org/springframework/spring-context-support/5.3.20/spring-context-support-5.3.20.jar:/Users/qingbguo/.m2/repository/io/lettuce/lettuce-core/6.1.8.RELEASE/lettuce-core-6.1.8.RELEASE.jar:/Users/qingbguo/.m2/repository/io/netty/netty-common/4.1.77.Final/netty-common-4.1.77.Final.jar:/Users/qingbguo/.m2/repository/io/netty/netty-handler/4.1.77.Final/netty-handler-4.1.77.Final.jar:/Users/qingbguo/.m2/repository/io/netty/netty-resolver/4.1.77.Final/netty-resolver-4.1.77.Final.jar:/Users/qingbguo/.m2/repository/io/netty/netty-buffer/4.1.77.Final/netty-buffer-4.1.77.Final.jar:/Users/qingbguo/.m2/repository/io/netty/netty-codec/4.1.77.Final/netty-codec-4.1.77.Final.jar:/Users/qingbguo/.m2/repository/io/netty/netty-transport/4.1.77.Final/netty-transport-4.1.77.Final.jar:/Users/qingbguo/.m2/repository/io/projectreactor/reactor-core/3.4.18/reactor-core-3.4.18.jar:/Users/qingbguo/.m2/repository/org/reactivestreams/reactive-streams/1.0.3/reactive-streams-1.0.3.jar:/Users/qingbguo/.m2/repository/io/jsonwebtoken/jjwt/0.9.0/jjwt-0.9.0.jar:/Users/qingbguo/.m2/repository/com/fasterxml/jackson/core/jackson-databind/2.13.3/jackson-databind-2.13.3.jar:/Users/qingbguo/.m2/repository/com/fasterxml/jackson/core/jackson-annotations/2.13.3/jackson-annotations-2.13.3.jar:/Users/qingbguo/.m2/repository/com/fasterxml/jackson/core/jackson-core/2.13.3/jackson-core-2.13.3.jar:/Users/qingbguo/.m2/repository/org/bitbucket/b_c/jose4j/0.6.4/jose4j-0.6.4.jar:/Users/qingbguo/.m2/repository/net/coobird/thumbnailator/0.4.20/thumbnailator-0.4.20.jar:/Users/qingbguo/.m2/repository/org/springframework/boot/spring-boot-starter-actuator/2.6.8/spring-boot-starter-actuator-2.6.8.jar:/Users/qingbguo/.m2/repository/org/springframework/boot/spring-boot-actuator-autoconfigure/2.6.8/spring-boot-actuator-autoconfigure-2.6.8.jar:/Users/qingbguo/.m2/repository/org/springframework/boot/spring-boot-actuator/2.6.8/spring-boot-actuator-2.6.8.jar:/Users/qingbguo/.m2/repository/io/micrometer/micrometer-core/1.8.6/micrometer-core-1.8.6.jar:/Users/qingbguo/.m2/repository/org/hdrhistogram/HdrHistogram/2.1.12/HdrHistogram-2.1.12.jar:/Users/qingbguo/.m2/repository/org/latencyutils/LatencyUtils/2.0.3/LatencyUtils-2.0.3.jar:/Users/qingbguo/.m2/repository/io/micrometer/micrometer-registry-prometheus/1.8.6/micrometer-registry-prometheus-1.8.6.jar:/Users/qingbguo/.m2/repository/io/prometheus/simpleclient_common/0.12.0/simpleclient_common-0.12.0.jar:/Users/qingbguo/.m2/repository/io/prometheus/simpleclient/0.12.0/simpleclient-0.12.0.jar:/Users/qingbguo/.m2/repository/io/prometheus/simpleclient_tracer_otel/0.12.0/simpleclient_tracer_otel-0.12.0.jar:/Users/qingbguo/.m2/repository/io/prometheus/simpleclient_tracer_common/0.12.0/simpleclient_tracer_common-0.12.0.jar:/Users/qingbguo/.m2/repository/io/prometheus/simpleclient_tracer_otel_agent/0.12.0/simpleclient_tracer_otel_agent-0.12.0.jar:"/>
    <property name="java.vm.vendor" value="Azul Systems, Inc."/>
    <property name="sun.arch.data.model" value="64"/>
    <property name="java.vendor.url" value="http://www.azulsystems.com/"/>
    <property name="user.timezone" value=""/>
    <property name="java.vm.specification.version" value="1.8"/>
    <property name="os.name" value="Mac OS X"/>
    <property name="user.country" value="CN"/>
    <property name="sun.java.launcher" value="SUN_STANDARD"/>
    <property name="sun.boot.library.path" value="/Library/Java/JavaVirtualMachines/zulu-8.jdk/Contents/Home/jre/lib"/>
    <property name="sun.java.command" value="/Users/qingbguo/projects/springboot/target/surefire/surefirebooter5450581359116249079.jar /Users/qingbguo/projects/springboot/target/surefire 2023-12-01T14-26-37_015-jvmRun1 surefire1891556246610363448tmp surefire_02756142871363249056tmp"/>
    <property name="surefire.test.class.path" value="/Users/qingbguo/projects/springboot/target/test-classes:/Users/qingbguo/projects/springboot/target/classes:/Users/qingbguo/.m2/repository/org/springframework/boot/spring-boot-starter-web/2.6.8/spring-boot-starter-web-2.6.8.jar:/Users/qingbguo/.m2/repository/org/springframework/boot/spring-boot-starter/2.6.8/spring-boot-starter-2.6.8.jar:/Users/qingbguo/.m2/repository/org/springframework/boot/spring-boot-starter-logging/2.6.8/spring-boot-starter-logging-2.6.8.jar:/Users/qingbguo/.m2/repository/ch/qos/logback/logback-classic/1.2.11/logback-classic-1.2.11.jar:/Users/qingbguo/.m2/repository/ch/qos/logback/logback-core/1.2.11/logback-core-1.2.11.jar:/Users/qingbguo/.m2/repository/org/apache/logging/log4j/log4j-to-slf4j/2.17.2/log4j-to-slf4j-2.17.2.jar:/Users/qingbguo/.m2/repository/org/apache/logging/log4j/log4j-api/2.17.2/log4j-api-2.17.2.jar:/Users/qingbguo/.m2/repository/org/slf4j/jul-to-slf4j/1.7.36/jul-to-slf4j-1.7.36.jar:/Users/qingbguo/.m2/repository/jakarta/annotation/jakarta.annotation-api/1.3.5/jakarta.annotation-api-1.3.5.jar:/Users/qingbguo/.m2/repository/org/yaml/snakeyaml/1.29/snakeyaml-1.29.jar:/Users/qingbguo/.m2/repository/org/springframework/boot/spring-boot-starter-json/2.6.8/spring-boot-starter-json-2.6.8.jar:/Users/qingbguo/.m2/repository/com/fasterxml/jackson/datatype/jackson-datatype-jdk8/2.13.3/jackson-datatype-jdk8-2.13.3.jar:/Users/qingbguo/.m2/repository/com/fasterxml/jackson/datatype/jackson-datatype-jsr310/2.13.3/jackson-datatype-jsr310-2.13.3.jar:/Users/qingbguo/.m2/repository/com/fasterxml/jackson/module/jackson-module-parameter-names/2.13.3/jackson-module-parameter-names-2.13.3.jar:/Users/qingbguo/.m2/repository/org/springframework/boot/spring-boot-starter-tomcat/2.6.8/spring-boot-starter-tomcat-2.6.8.jar:/Users/qingbguo/.m2/repository/org/apache/tomcat/embed/tomcat-embed-core/9.0.63/tomcat-embed-core-9.0.63.jar:/Users/qingbguo/.m2/repository/org/apache/tomcat/embed/tomcat-embed-el/9.0.63/tomcat-embed-el-9.0.63.jar:/Users/qingbguo/.m2/repository/org/apache/tomcat/embed/tomcat-embed-websocket/9.0.63/tomcat-embed-websocket-9.0.63.jar:/Users/qingbguo/.m2/repository/org/springframework/spring-web/5.3.20/spring-web-5.3.20.jar:/Users/qingbguo/.m2/repository/org/springframework/spring-beans/5.3.20/spring-beans-5.3.20.jar:/Users/qingbguo/.m2/repository/org/springframework/spring-webmvc/5.3.20/spring-webmvc-5.3.20.jar:/Users/qingbguo/.m2/repository/org/springframework/spring-aop/5.3.20/spring-aop-5.3.20.jar:/Users/qingbguo/.m2/repository/org/springframework/spring-context/5.3.20/spring-context-5.3.20.jar:/Users/qingbguo/.m2/repository/org/springframework/spring-expression/5.3.20/spring-expression-5.3.20.jar:/Users/qingbguo/.m2/repository/org/mybatis/spring/boot/mybatis-spring-boot-starter/2.2.2/mybatis-spring-boot-starter-2.2.2.jar:/Users/qingbguo/.m2/repository/org/springframework/boot/spring-boot-starter-jdbc/2.6.8/spring-boot-starter-jdbc-2.6.8.jar:/Users/qingbguo/.m2/repository/com/zaxxer/HikariCP/4.0.3/HikariCP-4.0.3.jar:/Users/qingbguo/.m2/repository/org/springframework/spring-jdbc/5.3.20/spring-jdbc-5.3.20.jar:/Users/qingbguo/.m2/repository/org/mybatis/spring/boot/mybatis-spring-boot-autoconfigure/2.2.2/mybatis-spring-boot-autoconfigure-2.2.2.jar:/Users/qingbguo/.m2/repository/org/mybatis/mybatis/3.5.9/mybatis-3.5.9.jar:/Users/qingbguo/.m2/repository/org/mybatis/mybatis-spring/2.0.7/mybatis-spring-2.0.7.jar:/Users/qingbguo/.m2/repository/org/springframework/boot/spring-boot-devtools/2.6.8/spring-boot-devtools-2.6.8.jar:/Users/qingbguo/.m2/repository/org/springframework/boot/spring-boot/2.6.8/spring-boot-2.6.8.jar:/Users/qingbguo/.m2/repository/org/springframework/boot/spring-boot-autoconfigure/2.6.8/spring-boot-autoconfigure-2.6.8.jar:/Users/qingbguo/.m2/repository/org/projectlombok/lombok/1.18.24/lombok-1.18.24.jar:/Users/qingbguo/.m2/repository/org/springframework/boot/spring-boot-starter-test/2.6.8/spring-boot-starter-test-2.6.8.jar:/Users/qingbguo/.m2/repository/org/springframework/boot/spring-boot-test/2.6.8/spring-boot-test-2.6.8.jar:/Users/qingbguo/.m2/repository/org/springframework/boot/spring-boot-test-autoconfigure/2.6.8/spring-boot-test-autoconfigure-2.6.8.jar:/Users/qingbguo/.m2/repository/com/jayway/jsonpath/json-path/2.6.0/json-path-2.6.0.jar:/Users/qingbguo/.m2/repository/net/minidev/json-smart/2.4.8/json-smart-2.4.8.jar:/Users/qingbguo/.m2/repository/net/minidev/accessors-smart/2.4.8/accessors-smart-2.4.8.jar:/Users/qingbguo/.m2/repository/org/ow2/asm/asm/9.1/asm-9.1.jar:/Users/qingbguo/.m2/repository/jakarta/xml/bind/jakarta.xml.bind-api/2.3.3/jakarta.xml.bind-api-2.3.3.jar:/Users/qingbguo/.m2/repository/jakarta/activation/jakarta.activation-api/1.2.2/jakarta.activation-api-1.2.2.jar:/Users/qingbguo/.m2/repository/org/assertj/assertj-core/3.21.0/assertj-core-3.21.0.jar:/Users/qingbguo/.m2/repository/org/hamcrest/hamcrest/2.2/hamcrest-2.2.jar:/Users/qingbguo/.m2/repository/org/junit/jupiter/junit-jupiter/5.8.2/junit-jupiter-5.8.2.jar:/Users/qingbguo/.m2/repository/org/junit/jupiter/junit-jupiter-api/5.8.2/junit-jupiter-api-5.8.2.jar:/Users/qingbguo/.m2/repository/org/opentest4j/opentest4j/1.2.0/opentest4j-1.2.0.jar:/Users/qingbguo/.m2/repository/org/junit/platform/junit-platform-commons/1.8.2/junit-platform-commons-1.8.2.jar:/Users/qingbguo/.m2/repository/org/apiguardian/apiguardian-api/1.1.2/apiguardian-api-1.1.2.jar:/Users/qingbguo/.m2/repository/org/junit/jupiter/junit-jupiter-params/5.8.2/junit-jupiter-params-5.8.2.jar:/Users/qingbguo/.m2/repository/org/junit/jupiter/junit-jupiter-engine/5.8.2/junit-jupiter-engine-5.8.2.jar:/Users/qingbguo/.m2/repository/org/junit/platform/junit-platform-engine/1.8.2/junit-platform-engine-1.8.2.jar:/Users/qingbguo/.m2/repository/org/mockito/mockito-core/4.0.0/mockito-core-4.0.0.jar:/Users/qingbguo/.m2/repository/net/bytebuddy/byte-buddy/1.11.22/byte-buddy-1.11.22.jar:/Users/qingbguo/.m2/repository/net/bytebuddy/byte-buddy-agent/1.11.22/byte-buddy-agent-1.11.22.jar:/Users/qingbguo/.m2/repository/org/objenesis/objenesis/3.2/objenesis-3.2.jar:/Users/qingbguo/.m2/repository/org/mockito/mockito-junit-jupiter/4.0.0/mockito-junit-jupiter-4.0.0.jar:/Users/qingbguo/.m2/repository/org/skyscreamer/jsonassert/1.5.0/jsonassert-1.5.0.jar:/Users/qingbguo/.m2/repository/com/vaadin/external/google/android-json/0.0.20131108.vaadin1/android-json-0.0.20131108.vaadin1.jar:/Users/qingbguo/.m2/repository/org/springframework/spring-core/5.3.20/spring-core-5.3.20.jar:/Users/qingbguo/.m2/repository/org/springframework/spring-jcl/5.3.20/spring-jcl-5.3.20.jar:/Users/qingbguo/.m2/repository/org/springframework/spring-test/5.3.20/spring-test-5.3.20.jar:/Users/qingbguo/.m2/repository/org/xmlunit/xmlunit-core/2.8.4/xmlunit-core-2.8.4.jar:/Users/qingbguo/.m2/repository/com/alibaba/fastjson/2.0.5/fastjson-2.0.5.jar:/Users/qingbguo/.m2/repository/com/alibaba/fastjson2/fastjson2-extension/2.0.5/fastjson2-extension-2.0.5.jar:/Users/qingbguo/.m2/repository/com/alibaba/fastjson2/fastjson2/2.0.5/fastjson2-2.0.5.jar:/Users/qingbguo/.m2/repository/org/apache/commons/commons-lang3/3.12.0/commons-lang3-3.12.0.jar:/Users/qingbguo/.m2/repository/commons-io/commons-io/2.11.0/commons-io-2.11.0.jar:/Users/qingbguo/.m2/repository/com/baomidou/mybatis-plus-boot-starter/3.3.1/mybatis-plus-boot-starter-3.3.1.jar:/Users/qingbguo/.m2/repository/com/baomidou/mybatis-plus/3.3.1/mybatis-plus-3.3.1.jar:/Users/qingbguo/.m2/repository/com/baomidou/mybatis-plus-generator/3.3.1.tmp/mybatis-plus-generator-3.3.1.tmp.jar:/Users/qingbguo/.m2/repository/com/baomidou/mybatis-plus-extension/3.3.1.tmp/mybatis-plus-extension-3.3.1.tmp.jar:/Users/qingbguo/.m2/repository/com/baomidou/mybatis-plus-core/3.3.1.tmp/mybatis-plus-core-3.3.1.tmp.jar:/Users/qingbguo/.m2/repository/com/baomidou/mybatis-plus-annotation/3.3.1.tmp/mybatis-plus-annotation-3.3.1.tmp.jar:/Users/qingbguo/.m2/repository/com/github/jsqlparser/jsqlparser/3.1/jsqlparser-3.1.jar:/Users/qingbguo/.m2/repository/mysql/mysql-connector-java/8.0.29/mysql-connector-java-8.0.29.jar:/Users/qingbguo/.m2/repository/com/alibaba/druid-spring-boot-starter/1.1.16/druid-spring-boot-starter-1.1.16.jar:/Users/qingbguo/.m2/repository/com/alibaba/druid/1.1.16/druid-1.1.16.jar:/Users/qingbguo/.m2/repository/org/slf4j/slf4j-api/1.7.36/slf4j-api-1.7.36.jar:/Users/qingbguo/.m2/repository/org/springframework/boot/spring-boot-starter-data-redis/2.6.8/spring-boot-starter-data-redis-2.6.8.jar:/Users/qingbguo/.m2/repository/org/springframework/data/spring-data-redis/2.6.4/spring-data-redis-2.6.4.jar:/Users/qingbguo/.m2/repository/org/springframework/data/spring-data-keyvalue/2.6.4/spring-data-keyvalue-2.6.4.jar:/Users/qingbguo/.m2/repository/org/springframework/data/spring-data-commons/2.6.4/spring-data-commons-2.6.4.jar:/Users/qingbguo/.m2/repository/org/springframework/spring-tx/5.3.20/spring-tx-5.3.20.jar:/Users/qingbguo/.m2/repository/org/springframework/spring-oxm/5.3.20/spring-oxm-5.3.20.jar:/Users/qingbguo/.m2/repository/org/springframework/spring-context-support/5.3.20/spring-context-support-5.3.20.jar:/Users/qingbguo/.m2/repository/io/lettuce/lettuce-core/6.1.8.RELEASE/lettuce-core-6.1.8.RELEASE.jar:/Users/qingbguo/.m2/repository/io/netty/netty-common/4.1.77.Final/netty-common-4.1.77.Final.jar:/Users/qingbguo/.m2/repository/io/netty/netty-handler/4.1.77.Final/netty-handler-4.1.77.Final.jar:/Users/qingbguo/.m2/repository/io/netty/netty-resolver/4.1.77.Final/netty-resolver-4.1.77.Final.jar:/Users/qingbguo/.m2/repository/io/netty/netty-buffer/4.1.77.Final/netty-buffer-4.1.77.Final.jar:/Users/qingbguo/.m2/repository/io/netty/netty-codec/4.1.77.Final/netty-codec-4.1.77.Final.jar:/Users/qingbguo/.m2/repository/io/netty/netty-transport/4.1.77.Final/netty-transport-4.1.77.Final.jar:/Users/qingbguo/.m2/repository/io/projectreactor/reactor-core/3.4.18/reactor-core-3.4.18.jar:/Users/qingbguo/.m2/repository/org/reactivestreams/reactive-streams/1.0.3/reactive-streams-1.0.3.jar:/Users/qingbguo/.m2/repository/io/jsonwebtoken/jjwt/0.9.0/jjwt-0.9.0.jar:/Users/qingbguo/.m2/repository/com/fasterxml/jackson/core/jackson-databind/2.13.3/jackson-databind-2.13.3.jar:/Users/qingbguo/.m2/repository/com/fasterxml/jackson/core/jackson-annotations/2.13.3/jackson-annotations-2.13.3.jar:/Users/qingbguo/.m2/repository/com/fasterxml/jackson/core/jackson-core/2.13.3/jackson-core-2.13.3.jar:/Users/qingbguo/.m2/repository/org/bitbucket/b_c/jose4j/0.6.4/jose4j-0.6.4.jar:/Users/qingbguo/.m2/repository/net/coobird/thumbnailator/0.4.20/thumbnailator-0.4.20.jar:/Users/qingbguo/.m2/repository/org/springframework/boot/spring-boot-starter-actuator/2.6.8/spring-boot-starter-actuator-2.6.8.jar:/Users/qingbguo/.m2/repository/org/springframework/boot/spring-boot-actuator-autoconfigure/2.6.8/spring-boot-actuator-autoconfigure-2.6.8.jar:/Users/qingbguo/.m2/repository/org/springframework/boot/spring-boot-actuator/2.6.8/spring-boot-actuator-2.6.8.jar:/Users/qingbguo/.m2/repository/io/micrometer/micrometer-core/1.8.6/micrometer-core-1.8.6.jar:/Users/qingbguo/.m2/repository/org/hdrhistogram/HdrHistogram/2.1.12/HdrHistogram-2.1.12.jar:/Users/qingbguo/.m2/repository/org/latencyutils/LatencyUtils/2.0.3/LatencyUtils-2.0.3.jar:/Users/qingbguo/.m2/repository/io/micrometer/micrometer-registry-prometheus/1.8.6/micrometer-registry-prometheus-1.8.6.jar:/Users/qingbguo/.m2/repository/io/prometheus/simpleclient_common/0.12.0/simpleclient_common-0.12.0.jar:/Users/qingbguo/.m2/repository/io/prometheus/simpleclient/0.12.0/simpleclient-0.12.0.jar:/Users/qingbguo/.m2/repository/io/prometheus/simpleclient_tracer_otel/0.12.0/simpleclient_tracer_otel-0.12.0.jar:/Users/qingbguo/.m2/repository/io/prometheus/simpleclient_tracer_common/0.12.0/simpleclient_tracer_common-0.12.0.jar:/Users/qingbguo/.m2/repository/io/prometheus/simpleclient_tracer_otel_agent/0.12.0/simpleclient_tracer_otel_agent-0.12.0.jar:"/>
    <property name="sun.cpu.endian" value="little"/>
    <property name="user.home" value="/Users/qingbguo"/>
    <property name="user.language" value="en"/>
    <property name="java.specification.vendor" value="Oracle Corporation"/>
    <property name="java.home" value="/Library/Java/JavaVirtualMachines/zulu-8.jdk/Contents/Home/jre"/>
    <property name="basedir" value="/Users/qingbguo/projects/springboot"/>
    <property name="file.separator" value="/"/>
    <property name="line.separator" value="&#10;"/>
    <property name="jdk.vendor.version" value="Zulu 8.48.0.53-CA-macosx"/>
    <property name="java.vm.specification.vendor" value="Oracle Corporation"/>
    <property name="java.specification.name" value="Java Platform API Specification"/>
    <property name="java.awt.graphicsenv" value="sun.awt.CGraphicsEnvironment"/>
    <property name="surefire.real.class.path" value="/Users/qingbguo/projects/springboot/target/surefire/surefirebooter5450581359116249079.jar"/>
    <property name="sun.boot.class.path" value="/Library/Java/JavaVirtualMachines/zulu-8.jdk/Contents/Home/jre/lib/resources.jar:/Library/Java/JavaVirtualMachines/zulu-8.jdk/Contents/Home/jre/lib/rt.jar:/Library/Java/JavaVirtualMachines/zulu-8.jdk/Contents/Home/jre/lib/sunrsasign.jar:/Library/Java/JavaVirtualMachines/zulu-8.jdk/Contents/Home/jre/lib/jsse.jar:/Library/Java/JavaVirtualMachines/zulu-8.jdk/Contents/Home/jre/lib/jce.jar:/Library/Java/JavaVirtualMachines/zulu-8.jdk/Contents/Home/jre/lib/charsets.jar:/Library/Java/JavaVirtualMachines/zulu-8.jdk/Contents/Home/jre/lib/jfr.jar:/Library/Java/JavaVirtualMachines/zulu-8.jdk/Contents/Home/jre/classes"/>
    <property name="sun.management.compiler" value="HotSpot 64-Bit Tiered Compilers"/>
    <property name="java.runtime.version" value="1.8.0_265-b11"/>
    <property name="user.name" value="qingbguo"/>
    <property name="path.separator" value=":"/>
    <property name="os.version" value="10.16"/>
    <property name="java.endorsed.dirs" value="/Library/Java/JavaVirtualMachines/zulu-8.jdk/Contents/Home/jre/lib/endorsed"/>
    <property name="java.runtime.name" value="OpenJDK Runtime Environment"/>
    <property name="file.encoding" value="UTF-8"/>
    <property name="java.vm.name" value="OpenJDK 64-Bit Server VM"/>
    <property name="localRepository" value="/Users/qingbguo/.m2/repository"/>
    <property name="java.vendor.url.bug" value="http://www.azulsystems.com/support/"/>
    <property name="java.io.tmpdir" value="/var/folders/52/vp7ky0_d69514kplz9ypydt80000gp/T/"/>
    <property name="idea.version" value="2023.1.3"/>
    <property name="java.version" value="1.8.0_265"/>
    <property name="user.dir" value="/Users/qingbguo/projects/springboot"/>
    <property name="os.arch" value="x86_64"/>
    <property name="java.vm.specification.name" value="Java Virtual Machine Specification"/>
    <property name="java.awt.printerjob" value="sun.lwawt.macosx.CPrinterJob"/>
    <property name="sun.os.patch.level" value="unknown"/>
    <property name="java.library.path" value="/Users/qingbguo/Library/Java/Extensions:/Library/Java/Extensions:/Network/Library/Java/Extensions:/System/Library/Java/Extensions:/usr/lib/java:."/>
    <property name="java.vm.info" value="mixed mode"/>
    <property name="java.vendor" value="Azul Systems, Inc."/>
    <property name="java.vm.version" value="25.265-b11"/>
    <property name="java.ext.dirs" value="/Users/qingbguo/Library/Java/Extensions:/Library/Java/JavaVirtualMachines/zulu-8.jdk/Contents/Home/jre/lib/ext:/Library/Java/Extensions:/Network/Library/Java/Extensions:/System/Library/Java/Extensions:/usr/lib/java"/>
    <property name="sun.io.unicode.encoding" value="UnicodeBig"/>
    <property name="java.class.version" value="52.0"/>
  </properties>
  <testcase name="contextLoads" classname="com.junmooo.springbootdemo.SpringbootdemoApplicationTests" time="0.342"/>
</testsuite>